Traceback (most recent call last):
  File "D:\users\anaconda3\lib\site-packages\jupyter_cache\executors\utils.py", line 64, in single_nb_execution
    **kwargs,
  File "D:\users\anaconda3\lib\site-packages\nbclient\client.py", line 1204, in execute
    return NotebookClient(nb=nb, resources=resources, km=km, **kwargs).execute()
  File "D:\users\anaconda3\lib\site-packages\nbclient\util.py", line 84, in wrapped
    return just_run(coro(*args, **kwargs))
  File "D:\users\anaconda3\lib\site-packages\nbclient\util.py", line 62, in just_run
    return loop.run_until_complete(coro)
  File "D:\users\anaconda3\lib\asyncio\base_events.py", line 579, in run_until_complete
    return future.result()
  File "D:\users\anaconda3\lib\site-packages\nbclient\client.py", line 664, in async_execute
    cell, index, execution_count=self.code_cells_executed + 1
  File "D:\users\anaconda3\lib\site-packages\nbclient\client.py", line 965, in async_execute_cell
    await self._check_raise_for_error(cell, cell_index, exec_reply)
  File "D:\users\anaconda3\lib\site-packages\nbclient\client.py", line 862, in _check_raise_for_error
    raise CellExecutionError.from_cell_and_msg(cell, exec_reply_content)
nbclient.exceptions.CellExecutionError: An error occurred while executing the following cell:
------------------
hello = sr.AudioFile('hello_hs.wav')

with hello as source:
    audio = r.record(source)
------------------

[1;31m---------------------------------------------------------------------------[0m
[1;31mFileNotFoundError[0m                         Traceback (most recent call last)
[1;32m<ipython-input-3-16c3e3e0e4d5>[0m in [0;36m<module>[1;34m[0m
[0;32m      1[0m [0mhello[0m [1;33m=[0m [0msr[0m[1;33m.[0m[0mAudioFile[0m[1;33m([0m[1;34m'hello_hs.wav'[0m[1;33m)[0m[1;33m[0m[1;33m[0m[0m
[0;32m      2[0m [1;33m[0m[0m
[1;32m----> 3[1;33m [1;32mwith[0m [0mhello[0m [1;32mas[0m [0msource[0m[1;33m:[0m[1;33m[0m[1;33m[0m[0m
[0m[0;32m      4[0m     [0maudio[0m [1;33m=[0m [0mr[0m[1;33m.[0m[0mrecord[0m[1;33m([0m[0msource[0m[1;33m)[0m[1;33m[0m[1;33m[0m[0m

[1;32mD:\users\anaconda3\lib\site-packages\speech_recognition\__init__.py[0m in [0;36m__enter__[1;34m(self)[0m
[0;32m    251[0m         [1;32mtry[0m[1;33m:[0m[1;33m[0m[1;33m[0m[0m
[0;32m    252[0m             [1;31m# attempt to read the file as WAV[0m[1;33m[0m[1;33m[0m[1;33m[0m[0m
[1;32m--> 253[1;33m             [0mself[0m[1;33m.[0m[0maudio_reader[0m [1;33m=[0m [0mwave[0m[1;33m.[0m[0mopen[0m[1;33m([0m[0mself[0m[1;33m.[0m[0mfilename_or_fileobject[0m[1;33m,[0m [1;34m"rb"[0m[1;33m)[0m[1;33m[0m[1;33m[0m[0m
[0m[0;32m    254[0m             [0mself[0m[1;33m.[0m[0mlittle_endian[0m [1;33m=[0m [1;32mTrue[0m  [1;31m# RIFF WAV is a little-endian format (most ``audioop`` operations assume that the frames are stored in little-endian form)[0m[1;33m[0m[1;33m[0m[0m
[0;32m    255[0m         [1;32mexcept[0m [1;33m([0m[0mwave[0m[1;33m.[0m[0mError[0m[1;33m,[0m [0mEOFError[0m[1;33m)[0m[1;33m:[0m[1;33m[0m[1;33m[0m[0m

[1;32mD:\users\anaconda3\lib\wave.py[0m in [0;36mopen[1;34m(f, mode)[0m
[0;32m    508[0m             [0mmode[0m [1;33m=[0m [1;34m'rb'[0m[1;33m[0m[1;33m[0m[0m
[0;32m    509[0m     [1;32mif[0m [0mmode[0m [1;32min[0m [1;33m([0m[1;34m'r'[0m[1;33m,[0m [1;34m'rb'[0m[1;33m)[0m[1;33m:[0m[1;33m[0m[1;33m[0m[0m
[1;32m--> 510[1;33m         [1;32mreturn[0m [0mWave_read[0m[1;33m([0m[0mf[0m[1;33m)[0m[1;33m[0m[1;33m[0m[0m
[0m[0;32m    511[0m     [1;32melif[0m [0mmode[0m [1;32min[0m [1;33m([0m[1;34m'w'[0m[1;33m,[0m [1;34m'wb'[0m[1;33m)[0m[1;33m:[0m[1;33m[0m[1;33m[0m[0m
[0;32m    512[0m         [1;32mreturn[0m [0mWave_write[0m[1;33m([0m[0mf[0m[1;33m)[0m[1;33m[0m[1;33m[0m[0m

[1;32mD:\users\anaconda3\lib\wave.py[0m in [0;36m__init__[1;34m(self, f)[0m
[0;32m    158[0m         [0mself[0m[1;33m.[0m[0m_i_opened_the_file[0m [1;33m=[0m [1;32mNone[0m[1;33m[0m[1;33m[0m[0m
[0;32m    159[0m         [1;32mif[0m [0misinstance[0m[1;33m([0m[0mf[0m[1;33m,[0m [0mstr[0m[1;33m)[0m[1;33m:[0m[1;33m[0m[1;33m[0m[0m
[1;32m--> 160[1;33m             [0mf[0m [1;33m=[0m [0mbuiltins[0m[1;33m.[0m[0mopen[0m[1;33m([0m[0mf[0m[1;33m,[0m [1;34m'rb'[0m[1;33m)[0m[1;33m[0m[1;33m[0m[0m
[0m[0;32m    161[0m             [0mself[0m[1;33m.[0m[0m_i_opened_the_file[0m [1;33m=[0m [0mf[0m[1;33m[0m[1;33m[0m[0m
[0;32m    162[0m         [1;31m# else, assume it is an open file object already[0m[1;33m[0m[1;33m[0m[1;33m[0m[0m

[1;31mFileNotFoundError[0m: [Errno 2] No such file or directory: 'hello_hs.wav'
FileNotFoundError: [Errno 2] No such file or directory: 'hello_hs.wav'

