Traceback (most recent call last):
  File "D:\users\anaconda3\lib\site-packages\jupyter_cache\executors\utils.py", line 56, in single_nb_execution
    record_timing=False,
  File "D:\users\anaconda3\lib\site-packages\nbclient\client.py", line 1204, in execute
    return NotebookClient(nb=nb, resources=resources, km=km, **kwargs).execute()
  File "D:\users\anaconda3\lib\site-packages\nbclient\util.py", line 84, in wrapped
    return just_run(coro(*args, **kwargs))
  File "D:\users\anaconda3\lib\site-packages\nbclient\util.py", line 62, in just_run
    return loop.run_until_complete(coro)
  File "D:\users\anaconda3\lib\asyncio\base_events.py", line 579, in run_until_complete
    return future.result()
  File "D:\users\anaconda3\lib\site-packages\nbclient\client.py", line 664, in async_execute
    cell, index, execution_count=self.code_cells_executed + 1
  File "D:\users\anaconda3\lib\site-packages\nbclient\client.py", line 965, in async_execute_cell
    await self._check_raise_for_error(cell, cell_index, exec_reply)
  File "D:\users\anaconda3\lib\site-packages\nbclient\client.py", line 862, in _check_raise_for_error
    raise CellExecutionError.from_cell_and_msg(cell, exec_reply_content)
nbclient.exceptions.CellExecutionError: An error occurred while executing the following cell:
------------------
# This program says hello and asks for my name.
print('Hello world!')
'''
print('Input your name. ')
ë©€í‹°ë¼ì¸ ìŠ¤íŠ¸ë§ ê¸°í˜¸ë¥¼ ì¨ì„œ 
ì—¬ëŸ¬ ì¤„ì„ ì£¼ì„ìœ¼ë¡œ ì²˜ë¦¬í•  ìˆ˜ë„ ìˆë‹¤. 
'''
print ('Welcome, ' + myName + '.' )
------------------

[1;31m---------------------------------------------------------------------------[0m
[1;31mNameError[0m                                 Traceback (most recent call last)
[1;32m<ipython-input-2-769c51f8333d>[0m in [0;36m<module>[1;34m[0m
[0;32m      6[0m [0mì—¬ëŸ¬[0m [0mì¤„ì„[0m [0mì£¼ì„ìœ¼ë¡œ[0m [0mì²˜ë¦¬í• [0m [0mìˆ˜ë„[0m [0mìˆë‹¤[0m[1;33m.[0m[1;33m[0m[1;33m[0m[0m
[0;32m      7[0m '''
[1;32m----> 8[1;33m [0mprint[0m [1;33m([0m[1;34m'Welcome, '[0m [1;33m+[0m [0mmyName[0m [1;33m+[0m [1;34m'.'[0m [1;33m)[0m[1;33m[0m[1;33m[0m[0m
[0m
[1;31mNameError[0m: name 'myName' is not defined
NameError: name 'myName' is not defined

